0 info it worked if it ends with ok
1 verbose cli [ 'C:\\Program Files\\nodejs\\node.exe',
1 verbose cli   'C:\\Program Files\\nodejs\\node_modules\\npm\\bin\\npm-cli.js',
1 verbose cli   'run',
1 verbose cli   'start' ]
2 info using npm@3.10.8
3 info using node@v6.9.1
4 verbose run-script [ 'prestart', 'start', 'poststart' ]
5 info lifecycle wechat@1.0.0~prestart: wechat@1.0.0
6 silly lifecycle wechat@1.0.0~prestart: no script for prestart, continuing
7 info lifecycle wechat@1.0.0~start: wechat@1.0.0
8 verbose lifecycle wechat@1.0.0~start: unsafe-perm in lifecycle true
9 verbose lifecycle wechat@1.0.0~start: PATH: C:\Program Files\nodejs\node_modules\npm\bin\node-gyp-bin;C:\Users\Administrator\Desktop\nodeWxDemo\wechat\node_modules\.bin;C:\Users\Administrator\bin;D:\applySofts\Git\mingw32\bin;D:\applySofts\Git\usr\local\bin;D:\applySofts\Git\usr\bin;D:\applySofts\Git\usr\bin;D:\applySofts\Git\mingw32\bin;D:\applySofts\Git\usr\bin;C:\Users\Administrator\bin;C:\Program Files (x86)\Intel\iCLS Client;C:\Program Files\Intel\iCLS Client;C:\Windows\system32;C:\Windows;C:\Windows\System32\Wbem;C:\Windows\System32\WindowsPowerShell\v1.0;C:\Program Files\Intel\Intel(R) Management Engine Components\DAL;C:\Program Files\Intel\Intel(R) Management Engine Components\IPT;C:\Program Files (x86)\Intel\Intel(R) Management Engine Components\DAL;C:\Program Files (x86)\Intel\Intel(R) Management Engine Components\IPT;C:\Program Files\nodejs;D:\applySofts\Git\cmd;C:\Program Files\TortoiseSVN\bin;D:\applySofts\less.js-windows-v2.6.1;C:\Users\Administrator\AppData\Roaming\npm;C:\Program Files (x86)\OpenVPN\bin;C:\Program Files\OpenVPN\bin;C:\Users\Administrator\AppData\Local\atom\bin;C:\Users\Administrator\AppData\Local\Programs\Fiddler;D:\applySofts\less.js-windows-v2.6.1;D:\applySofts\Git\usr\bin\vendor_perl;D:\applySofts\Git\usr\bin\core_perl
10 verbose lifecycle wechat@1.0.0~start: CWD: C:\Users\Administrator\Desktop\nodeWxDemo\wechat
11 silly lifecycle wechat@1.0.0~start: Args: [ '/d /s /c', 'node --harmony app.js' ]
12 silly lifecycle wechat@1.0.0~start: Returned: code: 1  signal: null
13 info lifecycle wechat@1.0.0~start: Failed to exec start script
14 verbose stack Error: wechat@1.0.0 start: `node --harmony app.js`
14 verbose stack Exit status 1
14 verbose stack     at EventEmitter.<anonymous> (C:\Program Files\nodejs\node_modules\npm\lib\utils\lifecycle.js:255:16)
14 verbose stack     at emitTwo (events.js:106:13)
14 verbose stack     at EventEmitter.emit (events.js:191:7)
14 verbose stack     at ChildProcess.<anonymous> (C:\Program Files\nodejs\node_modules\npm\lib\utils\spawn.js:40:14)
14 verbose stack     at emitTwo (events.js:106:13)
14 verbose stack     at ChildProcess.emit (events.js:191:7)
14 verbose stack     at maybeClose (internal/child_process.js:877:16)
14 verbose stack     at Process.ChildProcess._handle.onexit (internal/child_process.js:226:5)
15 verbose pkgid wechat@1.0.0
16 verbose cwd C:\Users\Administrator\Desktop\nodeWxDemo\wechat
17 error Windows_NT 6.1.7601
18 error argv "C:\\Program Files\\nodejs\\node.exe" "C:\\Program Files\\nodejs\\node_modules\\npm\\bin\\npm-cli.js" "run" "start"
19 error node v6.9.1
20 error npm  v3.10.8
21 error code ELIFECYCLE
22 error wechat@1.0.0 start: `node --harmony app.js`
22 error Exit status 1
23 error Failed at the wechat@1.0.0 start script 'node --harmony app.js'.
23 error Make sure you have the latest version of node.js and npm installed.
23 error If you do, this is most likely a problem with the wechat package,
23 error not with npm itself.
23 error Tell the author that this fails on your system:
23 error     node --harmony app.js
23 error You can get information on how to open an issue for this project with:
23 error     npm bugs wechat
23 error Or if that isn't available, you can get their info via:
23 error     npm owner ls wechat
23 error There is likely additional logging output above.
24 verbose exit [ 1, true ]
